<?xml version="1.0" encoding="UTF-8"?>
<!-- Generated by org.testng.reporters.JUnitReportReporter -->
<testsuite hostname="IE11Win7" name="com.ahabana.Main" tests="1" failures="0" timestamp="28 Mar 2016 23:17:53 GMT" time="173.527" errors="0">
  <testcase name="test" time="173.527" classname="com.ahabana.Main"/>
</testsuite> <!-- com.ahabana.Main -->
